<?xml version="1.0" encoding="UTF-8"?>
<testsuite xmlns:xsi="http://www.w3.org/2001/XMLSchema-instance" xsi:noNamespaceSchemaLocation="https://maven.apache.org/surefire/maven-surefire-plugin/xsd/surefire-test-report.xsd" name="com.ontariotechu.sofe3980U.BinaryTest" time="0.002" tests="26" errors="0" skipped="0" failures="0">
  <properties>
    <property name="java.specification.version" value="22"/>
    <property name="sun.cpu.isalist" value="amd64"/>
    <property name="sun.jnu.encoding" value="Cp1252"/>
    <property name="java.class.path" value="C:\Users\khanh\VS CODE\Maven\BinaryCalculator\target\test-classes;C:\Users\khanh\VS CODE\Maven\BinaryCalculator\target\classes;C:\Users\khanh\.m2\repository\junit\junit\4.11\junit-4.11.jar;C:\Users\khanh\.m2\repository\org\hamcrest\hamcrest-core\1.3\hamcrest-core-1.3.jar;C:\Users\khanh\.m2\repository\joda-time\joda-time\2.9.2\joda-time-2.9.2.jar;"/>
    <property name="java.vm.vendor" value="Oracle Corporation"/>
    <property name="sun.arch.data.model" value="64"/>
    <property name="user.variant" value=""/>
    <property name="java.vendor.url" value="https://java.oracle.com/"/>
    <property name="user.timezone" value="America/Toronto"/>
    <property name="os.name" value="Windows 11"/>
    <property name="java.vm.specification.version" value="22"/>
    <property name="sun.java.launcher" value="SUN_STANDARD"/>
    <property name="user.country" value="CA"/>
    <property name="sun.boot.library.path" value="C:\Program Files\Java\jdk-22\bin"/>
    <property name="sun.java.command" value="C:\Users\khanh\AppData\Local\Temp\surefire18347978573390906070\surefirebooter7587007747252431894.jar C:\Users\khanh\AppData\Local\Temp\surefire18347978573390906070 2025-01-26T21-21-42_973-jvmRun1 surefire10808270157395493081tmp surefire_08225595909813347916tmp"/>
    <property name="jdk.debug" value="release"/>
    <property name="surefire.test.class.path" value="C:\Users\khanh\VS CODE\Maven\BinaryCalculator\target\test-classes;C:\Users\khanh\VS CODE\Maven\BinaryCalculator\target\classes;C:\Users\khanh\.m2\repository\junit\junit\4.11\junit-4.11.jar;C:\Users\khanh\.m2\repository\org\hamcrest\hamcrest-core\1.3\hamcrest-core-1.3.jar;C:\Users\khanh\.m2\repository\joda-time\joda-time\2.9.2\joda-time-2.9.2.jar;"/>
    <property name="sun.cpu.endian" value="little"/>
    <property name="user.home" value="C:\Users\khanh"/>
    <property name="user.language" value="en"/>
    <property name="java.specification.vendor" value="Oracle Corporation"/>
    <property name="java.version.date" value="2024-03-19"/>
    <property name="java.home" value="C:\Program Files\Java\jdk-22"/>
    <property name="file.separator" value="\"/>
    <property name="basedir" value="C:\Users\khanh\VS CODE\Maven\BinaryCalculator"/>
    <property name="java.vm.compressedOopsMode" value="Zero based"/>
    <property name="line.separator" value="&#10;"/>
    <property name="java.vm.specification.vendor" value="Oracle Corporation"/>
    <property name="java.specification.name" value="Java Platform API Specification"/>
    <property name="surefire.real.class.path" value="C:\Users\khanh\AppData\Local\Temp\surefire18347978573390906070\surefirebooter7587007747252431894.jar"/>
    <property name="user.script" value=""/>
    <property name="sun.management.compiler" value="HotSpot 64-Bit Tiered Compilers"/>
    <property name="java.runtime.version" value="22+36-2370"/>
    <property name="user.name" value="khanh"/>
    <property name="stdout.encoding" value="Cp1252"/>
    <property name="path.separator" value=";"/>
    <property name="os.version" value="10.0"/>
    <property name="java.runtime.name" value="Java(TM) SE Runtime Environment"/>
    <property name="file.encoding" value="UTF-8"/>
    <property name="java.vm.name" value="Java HotSpot(TM) 64-Bit Server VM"/>
    <property name="localRepository" value="C:\Users\khanh\.m2\repository"/>
    <property name="java.vendor.url.bug" value="https://bugreport.java.com/bugreport/"/>
    <property name="java.io.tmpdir" value="C:\Users\khanh\AppData\Local\Temp\"/>
    <property name="java.version" value="22"/>
    <property name="user.dir" value="C:\Users\khanh\VS CODE\Maven\BinaryCalculator"/>
    <property name="os.arch" value="amd64"/>
    <property name="java.vm.specification.name" value="Java Virtual Machine Specification"/>
    <property name="sun.os.patch.level" value=""/>
    <property name="native.encoding" value="Cp1252"/>
    <property name="java.library.path" value="C:\Program Files\Java\jdk-22\bin;C:\WINDOWS\Sun\Java\bin;C:\WINDOWS\system32;C:\WINDOWS;C:\Users\khanh\AppData\Local\Programs\Python\Python312\Scripts\;C:\Users\khanh\AppData\Local\Programs\Python\Python312\;C:\Program Files (x86)\VMware\VMware Workstation\bin\;C:\Program Files\Common Files\Oracle\Java\javapath;C:\Program Files (x86)\Common Files\Oracle\Java\java8path;C:\Program Files (x86)\Common Files\Oracle\Java\javapath;C:\Program Files (x86)\Razer\ChromaBroadcast\bin;C:\Program Files\Razer\ChromaBroadcast\bin;C:\Program Files\Microsoft\jdk-11.0.16.101-hotspot\bin;C:\Program Files\Eclipse Adoptium\jdk-21.0.1.12-hotspot\bin;C:\Program Files (x86)\NVIDIA Corporation\PhysX\Common;C:\WINDOWS\system32;C:\WINDOWS;C:\WINDOWS\System32\Wbem;C:\WINDOWS\System32\WindowsPowerShell\v1.0\;C:\WINDOWS\System32\OpenSSH\;C:\Program Files\MATLAB\R2022a\runtime\win64;C:\Program Files\MATLAB\R2022a\bin;C:\Program Files\Microsoft SQL Server\150\Tools\Binn\;C:\Program Files\Microsoft SQL Server\130\Tools\Binn\;C:\Program Files\Microsoft SQL Server\Client SDK\ODBC\110\Tools\Binn\;C:\Program Files (x86)\Microsoft SQL Server\120\Tools\Binn\;C:\Program Files\Microsoft SQL Server\120\Tools\Binn\;C:\Program Files\Microsoft SQL Server\120\DTS\Binn\;C:\Program Files (x86)\Windows Kits\8.1\Windows Performance Toolkit\;c:\Xilinx\bin\nt;C:\Program Files\dotnet\;C:\WINDOWS\system32\config\systemprofile\AppData\Local\Microsoft\WindowsApps;C:\Program Files\HP\HP One Agent;C:\Users\khanh\Downloads\SQLite 3;C:\Program Files\Git\cmd;C:\Program Files\nodejs\;C:\ProgramData\chocolatey\bin;C:\wamp64\bin\php\php7.4.33;C:\ProgramData\ComposerSetup\bin;C:\WINDOWS\system32;C:\WINDOWS;C:\WINDOWS\System32\Wbem;C:\WINDOWS\System32\WindowsPowerShell\v1.0\;C:\WINDOWS\System32\OpenSSH\;C:\Program Files\apache-maven-3.9.9-bin\apache-maven-3.9.9\bin;C:\Program Files\Eclipse Adoptium\jdk-21.0.1.12-hotspot\bin;C:\Program Files (x86)\NVIDIA Corporation\PhysX\Common;C:\Program Files (x86)\Common Files\Oracle\Java\javapath;C:\WINDOWS\system32;C:\WINDOWS;C:\WINDOWS\System32\Wbem;C:\WINDOWS\System32\WindowsPowerShell\v1.0\;C:\WINDOWS\System32\OpenSSH\;C:\Program Files\MATLAB\R2022a\runtime\win64;C:\Program Files\MATLAB\R2022a\bin;C:\Program Files\Microsoft SQL Server\150\Tools\Binn\;C:\Program Files\Microsoft SQL Server\130\Tools\Binn\;C:\Program Files\Microsoft SQL Server\Client SDK\ODBC\110\Tools\Binn\;C:\Program Files (x86)\Microsoft SQL Server\120\Tools\Binn\;C:\Program Files\Microsoft SQL Server\120\Tools\Binn\;C:\Program Files\Microsoft SQL Server\120\DTS\Binn\;C:\Program Files (x86)\Windows Kits\8.1\Windows Performance Toolkit\;C:\Program Files\nodejs\;C:\Program Files\Git\cmd;c:\Xilinx\bin\nt;C:\Users\khanh\AppData\Local\Microsoft\WindowsApps;C:\Program Files\JetBrains\IntelliJ IDEA Community Edition 2023.2.1\bin;C:\Us;C:\Users\khanh\AppData\Local\Programs\Microsoft VS Code\bin;C:\Users\khanh\.dotnet\tools;C:\Users\khanh\AppData\Local\GitHubDesktop\bin;C:\Users\khanh\AppData\Roaming\npm;C:\Users\khanh\AppData\Roaming\Composer\vendor\bin;C:\Users\khanh\AppData\Local\Microsoft\WindowsApps;C:\Users\khanh\Downloads\apache-maven-3.9.9-bin\apache-maven-3.9.9\bin;C:\Users\khanh\Downloads\apache-maven-3.9.9-bin;;."/>
    <property name="java.vm.info" value="mixed mode, sharing"/>
    <property name="stderr.encoding" value="Cp1252"/>
    <property name="java.vendor" value="Oracle Corporation"/>
    <property name="java.vm.version" value="22+36-2370"/>
    <property name="sun.io.unicode.encoding" value="UnicodeLittle"/>
    <property name="java.class.version" value="66.0"/>
  </properties>
  <testcase name="constructorWithInvalidDigits" classname="com.ontariotechu.sofe3980U.BinaryTest" time="0"/>
  <testcase name="multiply1" classname="com.ontariotechu.sofe3980U.BinaryTest" time="0"/>
  <testcase name="multiply2" classname="com.ontariotechu.sofe3980U.BinaryTest" time="0"/>
  <testcase name="multiply3" classname="com.ontariotechu.sofe3980U.BinaryTest" time="0"/>
  <testcase name="multiply4" classname="com.ontariotechu.sofe3980U.BinaryTest" time="0"/>
  <testcase name="multiply5" classname="com.ontariotechu.sofe3980U.BinaryTest" time="0"/>
  <testcase name="add" classname="com.ontariotechu.sofe3980U.BinaryTest" time="0"/>
  <testcase name="or1" classname="com.ontariotechu.sofe3980U.BinaryTest" time="0"/>
  <testcase name="or2" classname="com.ontariotechu.sofe3980U.BinaryTest" time="0"/>
  <testcase name="or3" classname="com.ontariotechu.sofe3980U.BinaryTest" time="0"/>
  <testcase name="or4" classname="com.ontariotechu.sofe3980U.BinaryTest" time="0"/>
  <testcase name="or5" classname="com.ontariotechu.sofe3980U.BinaryTest" time="0"/>
  <testcase name="add2" classname="com.ontariotechu.sofe3980U.BinaryTest" time="0"/>
  <testcase name="add3" classname="com.ontariotechu.sofe3980U.BinaryTest" time="0"/>
  <testcase name="add4" classname="com.ontariotechu.sofe3980U.BinaryTest" time="0"/>
  <testcase name="add5" classname="com.ontariotechu.sofe3980U.BinaryTest" time="0"/>
  <testcase name="and1" classname="com.ontariotechu.sofe3980U.BinaryTest" time="0"/>
  <testcase name="and2" classname="com.ontariotechu.sofe3980U.BinaryTest" time="0"/>
  <testcase name="and3" classname="com.ontariotechu.sofe3980U.BinaryTest" time="0"/>
  <testcase name="and4" classname="com.ontariotechu.sofe3980U.BinaryTest" time="0"/>
  <testcase name="and5" classname="com.ontariotechu.sofe3980U.BinaryTest" time="0"/>
  <testcase name="constructorWithNegativeSign" classname="com.ontariotechu.sofe3980U.BinaryTest" time="0"/>
  <testcase name="constructorWithInvalidChars" classname="com.ontariotechu.sofe3980U.BinaryTest" time="0"/>
  <testcase name="constructorEmptyString" classname="com.ontariotechu.sofe3980U.BinaryTest" time="0"/>
  <testcase name="normalConstructor" classname="com.ontariotechu.sofe3980U.BinaryTest" time="0"/>
  <testcase name="constructorWithZeroTailing" classname="com.ontariotechu.sofe3980U.BinaryTest" time="0"/>
</testsuite>